running egg_info
creating ../../build/icp_refinement/icp_refinement.egg-info
writing ../../build/icp_refinement/icp_refinement.egg-info/PKG-INFO
writing dependency_links to ../../build/icp_refinement/icp_refinement.egg-info/dependency_links.txt
writing entry points to ../../build/icp_refinement/icp_refinement.egg-info/entry_points.txt
writing requirements to ../../build/icp_refinement/icp_refinement.egg-info/requires.txt
writing top-level names to ../../build/icp_refinement/icp_refinement.egg-info/top_level.txt
writing manifest file '../../build/icp_refinement/icp_refinement.egg-info/SOURCES.txt'
reading manifest file '../../build/icp_refinement/icp_refinement.egg-info/SOURCES.txt'
writing manifest file '../../build/icp_refinement/icp_refinement.egg-info/SOURCES.txt'
running build
running build_py
creating /home/aom/Documents/GitHub/Mobile_Lab1/ros2_ws/build/icp_refinement/build
creating /home/aom/Documents/GitHub/Mobile_Lab1/ros2_ws/build/icp_refinement/build/lib
creating /home/aom/Documents/GitHub/Mobile_Lab1/ros2_ws/build/icp_refinement/build/lib/icp_refinement
copying icp_refinement/icp_node.py -> /home/aom/Documents/GitHub/Mobile_Lab1/ros2_ws/build/icp_refinement/build/lib/icp_refinement
copying icp_refinement/__init__.py -> /home/aom/Documents/GitHub/Mobile_Lab1/ros2_ws/build/icp_refinement/build/lib/icp_refinement
copying icp_refinement/plot_part2.py -> /home/aom/Documents/GitHub/Mobile_Lab1/ros2_ws/build/icp_refinement/build/lib/icp_refinement
running install
running install_lib
creating /home/aom/Documents/GitHub/Mobile_Lab1/ros2_ws/install/icp_refinement/lib/python3.10/site-packages/icp_refinement
copying /home/aom/Documents/GitHub/Mobile_Lab1/ros2_ws/build/icp_refinement/build/lib/icp_refinement/icp_node.py -> /home/aom/Documents/GitHub/Mobile_Lab1/ros2_ws/install/icp_refinement/lib/python3.10/site-packages/icp_refinement
copying /home/aom/Documents/GitHub/Mobile_Lab1/ros2_ws/build/icp_refinement/build/lib/icp_refinement/__init__.py -> /home/aom/Documents/GitHub/Mobile_Lab1/ros2_ws/install/icp_refinement/lib/python3.10/site-packages/icp_refinement
copying /home/aom/Documents/GitHub/Mobile_Lab1/ros2_ws/build/icp_refinement/build/lib/icp_refinement/plot_part2.py -> /home/aom/Documents/GitHub/Mobile_Lab1/ros2_ws/install/icp_refinement/lib/python3.10/site-packages/icp_refinement
byte-compiling /home/aom/Documents/GitHub/Mobile_Lab1/ros2_ws/install/icp_refinement/lib/python3.10/site-packages/icp_refinement/icp_node.py to icp_node.cpython-310.pyc
byte-compiling /home/aom/Documents/GitHub/Mobile_Lab1/ros2_ws/install/icp_refinement/lib/python3.10/site-packages/icp_refinement/__init__.py to __init__.cpython-310.pyc
byte-compiling /home/aom/Documents/GitHub/Mobile_Lab1/ros2_ws/install/icp_refinement/lib/python3.10/site-packages/icp_refinement/plot_part2.py to plot_part2.cpython-310.pyc
running install_data
creating /home/aom/Documents/GitHub/Mobile_Lab1/ros2_ws/install/icp_refinement/share/ament_index
creating /home/aom/Documents/GitHub/Mobile_Lab1/ros2_ws/install/icp_refinement/share/ament_index/resource_index
creating /home/aom/Documents/GitHub/Mobile_Lab1/ros2_ws/install/icp_refinement/share/ament_index/resource_index/packages
copying resource/icp_refinement -> /home/aom/Documents/GitHub/Mobile_Lab1/ros2_ws/install/icp_refinement/share/ament_index/resource_index/packages
copying package.xml -> /home/aom/Documents/GitHub/Mobile_Lab1/ros2_ws/install/icp_refinement/share/icp_refinement
running install_egg_info
Copying ../../build/icp_refinement/icp_refinement.egg-info to /home/aom/Documents/GitHub/Mobile_Lab1/ros2_ws/install/icp_refinement/lib/python3.10/site-packages/icp_refinement-0.0.0-py3.10.egg-info
running install_scripts
writing list of installed files to '/home/aom/Documents/GitHub/Mobile_Lab1/ros2_ws/build/icp_refinement/install.log'
