[0.541s] Invoking command in '/home/aom/Documents/GitHub/Mobile_Lab1/ros2_ws/src/icp_refinement': PYTHONPATH=/home/aom/Documents/GitHub/Mobile_Lab1/ros2_ws/build/icp_refinement/prefix_override:/usr/lib/python3/dist-packages/colcon_core/task/python/colcon_distutils_commands:/home/aom/Documents/GitHub/Mobile_Lab1/ros2_ws/install/icp_refinement/lib/python3.10/site-packages:${PYTHONPATH} /usr/bin/python3 -W ignore:setup.py install is deprecated -W ignore:easy_install command is deprecated setup.py egg_info --egg-base ../../build/icp_refinement build --build-base /home/aom/Documents/GitHub/Mobile_Lab1/ros2_ws/build/icp_refinement/build install --record /home/aom/Documents/GitHub/Mobile_Lab1/ros2_ws/build/icp_refinement/install.log --single-version-externally-managed install_data
[0.686s] running egg_info
[0.686s] creating ../../build/icp_refinement/icp_refinement.egg-info
[0.686s] writing ../../build/icp_refinement/icp_refinement.egg-info/PKG-INFO
[0.686s] writing dependency_links to ../../build/icp_refinement/icp_refinement.egg-info/dependency_links.txt
[0.686s] writing entry points to ../../build/icp_refinement/icp_refinement.egg-info/entry_points.txt
[0.686s] writing requirements to ../../build/icp_refinement/icp_refinement.egg-info/requires.txt
[0.686s] writing top-level names to ../../build/icp_refinement/icp_refinement.egg-info/top_level.txt
[0.686s] writing manifest file '../../build/icp_refinement/icp_refinement.egg-info/SOURCES.txt'
[0.687s] reading manifest file '../../build/icp_refinement/icp_refinement.egg-info/SOURCES.txt'
[0.688s] writing manifest file '../../build/icp_refinement/icp_refinement.egg-info/SOURCES.txt'
[0.688s] running build
[0.688s] running build_py
[0.688s] creating /home/aom/Documents/GitHub/Mobile_Lab1/ros2_ws/build/icp_refinement/build
[0.688s] creating /home/aom/Documents/GitHub/Mobile_Lab1/ros2_ws/build/icp_refinement/build/lib
[0.688s] creating /home/aom/Documents/GitHub/Mobile_Lab1/ros2_ws/build/icp_refinement/build/lib/icp_refinement
[0.688s] copying icp_refinement/icp_node.py -> /home/aom/Documents/GitHub/Mobile_Lab1/ros2_ws/build/icp_refinement/build/lib/icp_refinement
[0.688s] copying icp_refinement/__init__.py -> /home/aom/Documents/GitHub/Mobile_Lab1/ros2_ws/build/icp_refinement/build/lib/icp_refinement
[0.688s] copying icp_refinement/plot_part2.py -> /home/aom/Documents/GitHub/Mobile_Lab1/ros2_ws/build/icp_refinement/build/lib/icp_refinement
[0.688s] running install
[0.688s] running install_lib
[0.689s] creating /home/aom/Documents/GitHub/Mobile_Lab1/ros2_ws/install/icp_refinement/lib/python3.10/site-packages/icp_refinement
[0.689s] copying /home/aom/Documents/GitHub/Mobile_Lab1/ros2_ws/build/icp_refinement/build/lib/icp_refinement/icp_node.py -> /home/aom/Documents/GitHub/Mobile_Lab1/ros2_ws/install/icp_refinement/lib/python3.10/site-packages/icp_refinement
[0.689s] copying /home/aom/Documents/GitHub/Mobile_Lab1/ros2_ws/build/icp_refinement/build/lib/icp_refinement/__init__.py -> /home/aom/Documents/GitHub/Mobile_Lab1/ros2_ws/install/icp_refinement/lib/python3.10/site-packages/icp_refinement
[0.689s] copying /home/aom/Documents/GitHub/Mobile_Lab1/ros2_ws/build/icp_refinement/build/lib/icp_refinement/plot_part2.py -> /home/aom/Documents/GitHub/Mobile_Lab1/ros2_ws/install/icp_refinement/lib/python3.10/site-packages/icp_refinement
[0.689s] byte-compiling /home/aom/Documents/GitHub/Mobile_Lab1/ros2_ws/install/icp_refinement/lib/python3.10/site-packages/icp_refinement/icp_node.py to icp_node.cpython-310.pyc
[0.689s] byte-compiling /home/aom/Documents/GitHub/Mobile_Lab1/ros2_ws/install/icp_refinement/lib/python3.10/site-packages/icp_refinement/__init__.py to __init__.cpython-310.pyc
[0.689s] byte-compiling /home/aom/Documents/GitHub/Mobile_Lab1/ros2_ws/install/icp_refinement/lib/python3.10/site-packages/icp_refinement/plot_part2.py to plot_part2.cpython-310.pyc
[0.689s] running install_data
[0.689s] creating /home/aom/Documents/GitHub/Mobile_Lab1/ros2_ws/install/icp_refinement/share/ament_index
[0.689s] creating /home/aom/Documents/GitHub/Mobile_Lab1/ros2_ws/install/icp_refinement/share/ament_index/resource_index
[0.690s] creating /home/aom/Documents/GitHub/Mobile_Lab1/ros2_ws/install/icp_refinement/share/ament_index/resource_index/packages
[0.690s] copying resource/icp_refinement -> /home/aom/Documents/GitHub/Mobile_Lab1/ros2_ws/install/icp_refinement/share/ament_index/resource_index/packages
[0.690s] copying package.xml -> /home/aom/Documents/GitHub/Mobile_Lab1/ros2_ws/install/icp_refinement/share/icp_refinement
[0.690s] running install_egg_info
[0.691s] Copying ../../build/icp_refinement/icp_refinement.egg-info to /home/aom/Documents/GitHub/Mobile_Lab1/ros2_ws/install/icp_refinement/lib/python3.10/site-packages/icp_refinement-0.0.0-py3.10.egg-info
[0.691s] running install_scripts
[0.703s] writing list of installed files to '/home/aom/Documents/GitHub/Mobile_Lab1/ros2_ws/build/icp_refinement/install.log'
[0.725s] Invoked command in '/home/aom/Documents/GitHub/Mobile_Lab1/ros2_ws/src/icp_refinement' returned '0': PYTHONPATH=/home/aom/Documents/GitHub/Mobile_Lab1/ros2_ws/build/icp_refinement/prefix_override:/usr/lib/python3/dist-packages/colcon_core/task/python/colcon_distutils_commands:/home/aom/Documents/GitHub/Mobile_Lab1/ros2_ws/install/icp_refinement/lib/python3.10/site-packages:${PYTHONPATH} /usr/bin/python3 -W ignore:setup.py install is deprecated -W ignore:easy_install command is deprecated setup.py egg_info --egg-base ../../build/icp_refinement build --build-base /home/aom/Documents/GitHub/Mobile_Lab1/ros2_ws/build/icp_refinement/build install --record /home/aom/Documents/GitHub/Mobile_Lab1/ros2_ws/build/icp_refinement/install.log --single-version-externally-managed install_data
