running egg_info
writing ../../build/ekf_fusion/ekf_fusion.egg-info/PKG-INFO
writing dependency_links to ../../build/ekf_fusion/ekf_fusion.egg-info/dependency_links.txt
writing entry points to ../../build/ekf_fusion/ekf_fusion.egg-info/entry_points.txt
writing requirements to ../../build/ekf_fusion/ekf_fusion.egg-info/requires.txt
writing top-level names to ../../build/ekf_fusion/ekf_fusion.egg-info/top_level.txt
reading manifest file '../../build/ekf_fusion/ekf_fusion.egg-info/SOURCES.txt'
writing manifest file '../../build/ekf_fusion/ekf_fusion.egg-info/SOURCES.txt'
running build
running build_py
copying ekf_fusion/ekf_node.py -> /home/aom/Documents/GitHub/Mobile_Lab1/ros2_ws/build/ekf_fusion/build/lib/ekf_fusion
running install
running install_lib
copying /home/aom/Documents/GitHub/Mobile_Lab1/ros2_ws/build/ekf_fusion/build/lib/ekf_fusion/ekf_node.py -> /home/aom/Documents/GitHub/Mobile_Lab1/ros2_ws/install/ekf_fusion/lib/python3.10/site-packages/ekf_fusion
byte-compiling /home/aom/Documents/GitHub/Mobile_Lab1/ros2_ws/install/ekf_fusion/lib/python3.10/site-packages/ekf_fusion/ekf_node.py to ekf_node.cpython-310.pyc
running install_data
running install_egg_info
removing '/home/aom/Documents/GitHub/Mobile_Lab1/ros2_ws/install/ekf_fusion/lib/python3.10/site-packages/ekf_fusion-0.0.0-py3.10.egg-info' (and everything under it)
Copying ../../build/ekf_fusion/ekf_fusion.egg-info to /home/aom/Documents/GitHub/Mobile_Lab1/ros2_ws/install/ekf_fusion/lib/python3.10/site-packages/ekf_fusion-0.0.0-py3.10.egg-info
running install_scripts
Installing ekf_node script to /home/aom/Documents/GitHub/Mobile_Lab1/ros2_ws/install/ekf_fusion/lib/ekf_fusion
writing list of installed files to '/home/aom/Documents/GitHub/Mobile_Lab1/ros2_ws/build/ekf_fusion/install.log'
