running egg_info
creating ../../build/ekf_fusion/ekf_fusion.egg-info
writing ../../build/ekf_fusion/ekf_fusion.egg-info/PKG-INFO
writing dependency_links to ../../build/ekf_fusion/ekf_fusion.egg-info/dependency_links.txt
writing entry points to ../../build/ekf_fusion/ekf_fusion.egg-info/entry_points.txt
writing requirements to ../../build/ekf_fusion/ekf_fusion.egg-info/requires.txt
writing top-level names to ../../build/ekf_fusion/ekf_fusion.egg-info/top_level.txt
writing manifest file '../../build/ekf_fusion/ekf_fusion.egg-info/SOURCES.txt'
reading manifest file '../../build/ekf_fusion/ekf_fusion.egg-info/SOURCES.txt'
writing manifest file '../../build/ekf_fusion/ekf_fusion.egg-info/SOURCES.txt'
running build
running build_py
creating /home/aom/Documents/GitHub/Mobile_Lab1/build/ekf_fusion/build
creating /home/aom/Documents/GitHub/Mobile_Lab1/build/ekf_fusion/build/lib
creating /home/aom/Documents/GitHub/Mobile_Lab1/build/ekf_fusion/build/lib/ekf_fusion
copying ekf_fusion/__init__.py -> /home/aom/Documents/GitHub/Mobile_Lab1/build/ekf_fusion/build/lib/ekf_fusion
running install
running install_lib
creating /home/aom/Documents/GitHub/Mobile_Lab1/install/ekf_fusion/lib/python3.10/site-packages/ekf_fusion
copying /home/aom/Documents/GitHub/Mobile_Lab1/build/ekf_fusion/build/lib/ekf_fusion/__init__.py -> /home/aom/Documents/GitHub/Mobile_Lab1/install/ekf_fusion/lib/python3.10/site-packages/ekf_fusion
byte-compiling /home/aom/Documents/GitHub/Mobile_Lab1/install/ekf_fusion/lib/python3.10/site-packages/ekf_fusion/__init__.py to __init__.cpython-310.pyc
running install_data
creating /home/aom/Documents/GitHub/Mobile_Lab1/install/ekf_fusion/share/ament_index
creating /home/aom/Documents/GitHub/Mobile_Lab1/install/ekf_fusion/share/ament_index/resource_index
creating /home/aom/Documents/GitHub/Mobile_Lab1/install/ekf_fusion/share/ament_index/resource_index/packages
copying resource/ekf_fusion -> /home/aom/Documents/GitHub/Mobile_Lab1/install/ekf_fusion/share/ament_index/resource_index/packages
copying package.xml -> /home/aom/Documents/GitHub/Mobile_Lab1/install/ekf_fusion/share/ekf_fusion
running install_egg_info
Copying ../../build/ekf_fusion/ekf_fusion.egg-info to /home/aom/Documents/GitHub/Mobile_Lab1/install/ekf_fusion/lib/python3.10/site-packages/ekf_fusion-0.0.0-py3.10.egg-info
running install_scripts
writing list of installed files to '/home/aom/Documents/GitHub/Mobile_Lab1/build/ekf_fusion/install.log'
