[0.350s] Invoking command in '/home/aom/Documents/GitHub/Mobile_Lab1/src/ekf_fusion': PYTHONPATH=/home/aom/Documents/GitHub/Mobile_Lab1/build/ekf_fusion/prefix_override:/usr/lib/python3/dist-packages/colcon_core/task/python/colcon_distutils_commands:/home/aom/Documents/GitHub/Mobile_Lab1/install/ekf_fusion/lib/python3.10/site-packages:${PYTHONPATH} /usr/bin/python3 -W ignore:setup.py install is deprecated -W ignore:easy_install command is deprecated setup.py egg_info --egg-base ../../build/ekf_fusion build --build-base /home/aom/Documents/GitHub/Mobile_Lab1/build/ekf_fusion/build install --record /home/aom/Documents/GitHub/Mobile_Lab1/build/ekf_fusion/install.log --single-version-externally-managed install_data
[0.475s] running egg_info
[0.475s] creating ../../build/ekf_fusion/ekf_fusion.egg-info
[0.475s] writing ../../build/ekf_fusion/ekf_fusion.egg-info/PKG-INFO
[0.475s] writing dependency_links to ../../build/ekf_fusion/ekf_fusion.egg-info/dependency_links.txt
[0.475s] writing entry points to ../../build/ekf_fusion/ekf_fusion.egg-info/entry_points.txt
[0.476s] writing requirements to ../../build/ekf_fusion/ekf_fusion.egg-info/requires.txt
[0.476s] writing top-level names to ../../build/ekf_fusion/ekf_fusion.egg-info/top_level.txt
[0.476s] writing manifest file '../../build/ekf_fusion/ekf_fusion.egg-info/SOURCES.txt'
[0.476s] reading manifest file '../../build/ekf_fusion/ekf_fusion.egg-info/SOURCES.txt'
[0.477s] writing manifest file '../../build/ekf_fusion/ekf_fusion.egg-info/SOURCES.txt'
[0.477s] running build
[0.477s] running build_py
[0.477s] creating /home/aom/Documents/GitHub/Mobile_Lab1/build/ekf_fusion/build
[0.477s] creating /home/aom/Documents/GitHub/Mobile_Lab1/build/ekf_fusion/build/lib
[0.477s] creating /home/aom/Documents/GitHub/Mobile_Lab1/build/ekf_fusion/build/lib/ekf_fusion
[0.477s] copying ekf_fusion/__init__.py -> /home/aom/Documents/GitHub/Mobile_Lab1/build/ekf_fusion/build/lib/ekf_fusion
[0.477s] running install
[0.477s] running install_lib
[0.477s] creating /home/aom/Documents/GitHub/Mobile_Lab1/install/ekf_fusion/lib/python3.10/site-packages/ekf_fusion
[0.477s] copying /home/aom/Documents/GitHub/Mobile_Lab1/build/ekf_fusion/build/lib/ekf_fusion/__init__.py -> /home/aom/Documents/GitHub/Mobile_Lab1/install/ekf_fusion/lib/python3.10/site-packages/ekf_fusion
[0.478s] byte-compiling /home/aom/Documents/GitHub/Mobile_Lab1/install/ekf_fusion/lib/python3.10/site-packages/ekf_fusion/__init__.py to __init__.cpython-310.pyc
[0.478s] running install_data
[0.478s] creating /home/aom/Documents/GitHub/Mobile_Lab1/install/ekf_fusion/share/ament_index
[0.478s] creating /home/aom/Documents/GitHub/Mobile_Lab1/install/ekf_fusion/share/ament_index/resource_index
[0.478s] creating /home/aom/Documents/GitHub/Mobile_Lab1/install/ekf_fusion/share/ament_index/resource_index/packages
[0.478s] copying resource/ekf_fusion -> /home/aom/Documents/GitHub/Mobile_Lab1/install/ekf_fusion/share/ament_index/resource_index/packages
[0.478s] copying package.xml -> /home/aom/Documents/GitHub/Mobile_Lab1/install/ekf_fusion/share/ekf_fusion
[0.478s] running install_egg_info
[0.479s] Copying ../../build/ekf_fusion/ekf_fusion.egg-info to /home/aom/Documents/GitHub/Mobile_Lab1/install/ekf_fusion/lib/python3.10/site-packages/ekf_fusion-0.0.0-py3.10.egg-info
[0.479s] running install_scripts
[0.491s] writing list of installed files to '/home/aom/Documents/GitHub/Mobile_Lab1/build/ekf_fusion/install.log'
[0.503s] Invoked command in '/home/aom/Documents/GitHub/Mobile_Lab1/src/ekf_fusion' returned '0': PYTHONPATH=/home/aom/Documents/GitHub/Mobile_Lab1/build/ekf_fusion/prefix_override:/usr/lib/python3/dist-packages/colcon_core/task/python/colcon_distutils_commands:/home/aom/Documents/GitHub/Mobile_Lab1/install/ekf_fusion/lib/python3.10/site-packages:${PYTHONPATH} /usr/bin/python3 -W ignore:setup.py install is deprecated -W ignore:easy_install command is deprecated setup.py egg_info --egg-base ../../build/ekf_fusion build --build-base /home/aom/Documents/GitHub/Mobile_Lab1/build/ekf_fusion/build install --record /home/aom/Documents/GitHub/Mobile_Lab1/build/ekf_fusion/install.log --single-version-externally-managed install_data
