running egg_info
writing ../../build/icp_refinement/icp_refinement.egg-info/PKG-INFO
writing dependency_links to ../../build/icp_refinement/icp_refinement.egg-info/dependency_links.txt
writing entry points to ../../build/icp_refinement/icp_refinement.egg-info/entry_points.txt
writing requirements to ../../build/icp_refinement/icp_refinement.egg-info/requires.txt
writing top-level names to ../../build/icp_refinement/icp_refinement.egg-info/top_level.txt
reading manifest file '../../build/icp_refinement/icp_refinement.egg-info/SOURCES.txt'
writing manifest file '../../build/icp_refinement/icp_refinement.egg-info/SOURCES.txt'
running build
running build_py
copying icp_refinement/icp_node.py -> /home/aom/Documents/GitHub/Mobile_Lab1/ros2_ws/build/icp_refinement/build/lib/icp_refinement
copying icp_refinement/icp_node_old.py -> /home/aom/Documents/GitHub/Mobile_Lab1/ros2_ws/build/icp_refinement/build/lib/icp_refinement
running install
running install_lib
copying /home/aom/Documents/GitHub/Mobile_Lab1/ros2_ws/build/icp_refinement/build/lib/icp_refinement/icp_node.py -> /home/aom/Documents/GitHub/Mobile_Lab1/ros2_ws/install/icp_refinement/lib/python3.10/site-packages/icp_refinement
copying /home/aom/Documents/GitHub/Mobile_Lab1/ros2_ws/build/icp_refinement/build/lib/icp_refinement/icp_node_old.py -> /home/aom/Documents/GitHub/Mobile_Lab1/ros2_ws/install/icp_refinement/lib/python3.10/site-packages/icp_refinement
byte-compiling /home/aom/Documents/GitHub/Mobile_Lab1/ros2_ws/install/icp_refinement/lib/python3.10/site-packages/icp_refinement/icp_node.py to icp_node.cpython-310.pyc
byte-compiling /home/aom/Documents/GitHub/Mobile_Lab1/ros2_ws/install/icp_refinement/lib/python3.10/site-packages/icp_refinement/icp_node_old.py to icp_node_old.cpython-310.pyc
running install_data
running install_egg_info
removing '/home/aom/Documents/GitHub/Mobile_Lab1/ros2_ws/install/icp_refinement/lib/python3.10/site-packages/icp_refinement-0.0.0-py3.10.egg-info' (and everything under it)
Copying ../../build/icp_refinement/icp_refinement.egg-info to /home/aom/Documents/GitHub/Mobile_Lab1/ros2_ws/install/icp_refinement/lib/python3.10/site-packages/icp_refinement-0.0.0-py3.10.egg-info
running install_scripts
Installing icp_node script to /home/aom/Documents/GitHub/Mobile_Lab1/ros2_ws/install/icp_refinement/lib/icp_refinement
writing list of installed files to '/home/aom/Documents/GitHub/Mobile_Lab1/ros2_ws/build/icp_refinement/install.log'
