[0.505s] Invoking command in '/home/aom/Documents/GitHub/Mobile_Lab1/ros2_ws/src/ekf_fusion': PYTHONPATH=/home/aom/Documents/GitHub/Mobile_Lab1/ros2_ws/build/ekf_fusion/prefix_override:/usr/lib/python3/dist-packages/colcon_core/task/python/colcon_distutils_commands:/home/aom/Documents/GitHub/Mobile_Lab1/ros2_ws/install/ekf_fusion/lib/python3.10/site-packages:${PYTHONPATH} /usr/bin/python3 -W ignore:setup.py install is deprecated -W ignore:easy_install command is deprecated setup.py egg_info --egg-base ../../build/ekf_fusion build --build-base /home/aom/Documents/GitHub/Mobile_Lab1/ros2_ws/build/ekf_fusion/build install --record /home/aom/Documents/GitHub/Mobile_Lab1/ros2_ws/build/ekf_fusion/install.log --single-version-externally-managed install_data
[0.640s] running egg_info
[0.640s] writing ../../build/ekf_fusion/ekf_fusion.egg-info/PKG-INFO
[0.641s] writing dependency_links to ../../build/ekf_fusion/ekf_fusion.egg-info/dependency_links.txt
[0.641s] writing entry points to ../../build/ekf_fusion/ekf_fusion.egg-info/entry_points.txt
[0.641s] writing requirements to ../../build/ekf_fusion/ekf_fusion.egg-info/requires.txt
[0.641s] writing top-level names to ../../build/ekf_fusion/ekf_fusion.egg-info/top_level.txt
[0.642s] reading manifest file '../../build/ekf_fusion/ekf_fusion.egg-info/SOURCES.txt'
[0.642s] writing manifest file '../../build/ekf_fusion/ekf_fusion.egg-info/SOURCES.txt'
[0.642s] running build
[0.642s] running build_py
[0.643s] copying ekf_fusion/ekf_node.py -> /home/aom/Documents/GitHub/Mobile_Lab1/ros2_ws/build/ekf_fusion/build/lib/ekf_fusion
[0.643s] copying ekf_fusion/plot_part1.py -> /home/aom/Documents/GitHub/Mobile_Lab1/ros2_ws/build/ekf_fusion/build/lib/ekf_fusion
[0.643s] running install
[0.643s] running install_lib
[0.643s] copying /home/aom/Documents/GitHub/Mobile_Lab1/ros2_ws/build/ekf_fusion/build/lib/ekf_fusion/ekf_node.py -> /home/aom/Documents/GitHub/Mobile_Lab1/ros2_ws/install/ekf_fusion/lib/python3.10/site-packages/ekf_fusion
[0.643s] copying /home/aom/Documents/GitHub/Mobile_Lab1/ros2_ws/build/ekf_fusion/build/lib/ekf_fusion/plot_part1.py -> /home/aom/Documents/GitHub/Mobile_Lab1/ros2_ws/install/ekf_fusion/lib/python3.10/site-packages/ekf_fusion
[0.643s] byte-compiling /home/aom/Documents/GitHub/Mobile_Lab1/ros2_ws/install/ekf_fusion/lib/python3.10/site-packages/ekf_fusion/ekf_node.py to ekf_node.cpython-310.pyc
[0.644s] byte-compiling /home/aom/Documents/GitHub/Mobile_Lab1/ros2_ws/install/ekf_fusion/lib/python3.10/site-packages/ekf_fusion/plot_part1.py to plot_part1.cpython-310.pyc
[0.645s] running install_data
[0.645s] running install_egg_info
[0.646s] removing '/home/aom/Documents/GitHub/Mobile_Lab1/ros2_ws/install/ekf_fusion/lib/python3.10/site-packages/ekf_fusion-0.0.0-py3.10.egg-info' (and everything under it)
[0.646s] Copying ../../build/ekf_fusion/ekf_fusion.egg-info to /home/aom/Documents/GitHub/Mobile_Lab1/ros2_ws/install/ekf_fusion/lib/python3.10/site-packages/ekf_fusion-0.0.0-py3.10.egg-info
[0.646s] running install_scripts
[0.658s] Installing ekf_node script to /home/aom/Documents/GitHub/Mobile_Lab1/ros2_ws/install/ekf_fusion/lib/ekf_fusion
[0.659s] writing list of installed files to '/home/aom/Documents/GitHub/Mobile_Lab1/ros2_ws/build/ekf_fusion/install.log'
[0.674s] Invoked command in '/home/aom/Documents/GitHub/Mobile_Lab1/ros2_ws/src/ekf_fusion' returned '0': PYTHONPATH=/home/aom/Documents/GitHub/Mobile_Lab1/ros2_ws/build/ekf_fusion/prefix_override:/usr/lib/python3/dist-packages/colcon_core/task/python/colcon_distutils_commands:/home/aom/Documents/GitHub/Mobile_Lab1/ros2_ws/install/ekf_fusion/lib/python3.10/site-packages:${PYTHONPATH} /usr/bin/python3 -W ignore:setup.py install is deprecated -W ignore:easy_install command is deprecated setup.py egg_info --egg-base ../../build/ekf_fusion build --build-base /home/aom/Documents/GitHub/Mobile_Lab1/ros2_ws/build/ekf_fusion/build install --record /home/aom/Documents/GitHub/Mobile_Lab1/ros2_ws/build/ekf_fusion/install.log --single-version-externally-managed install_data
