[0.681s] Invoking command in '/home/aom/Documents/GitHub/Mobile_Lab1/ros2_ws/src/ekf_fusion': PYTHONPATH=/home/aom/Documents/GitHub/Mobile_Lab1/ros2_ws/build/ekf_fusion/prefix_override:/usr/lib/python3/dist-packages/colcon_core/task/python/colcon_distutils_commands:/home/aom/Documents/GitHub/Mobile_Lab1/ros2_ws/install/ekf_fusion/lib/python3.10/site-packages:${PYTHONPATH} /usr/bin/python3 -W ignore:setup.py install is deprecated -W ignore:easy_install command is deprecated setup.py egg_info --egg-base ../../build/ekf_fusion build --build-base /home/aom/Documents/GitHub/Mobile_Lab1/ros2_ws/build/ekf_fusion/build install --record /home/aom/Documents/GitHub/Mobile_Lab1/ros2_ws/build/ekf_fusion/install.log --single-version-externally-managed install_data
[0.859s] running egg_info
[0.860s] writing ../../build/ekf_fusion/ekf_fusion.egg-info/PKG-INFO
[0.860s] writing dependency_links to ../../build/ekf_fusion/ekf_fusion.egg-info/dependency_links.txt
[0.860s] writing entry points to ../../build/ekf_fusion/ekf_fusion.egg-info/entry_points.txt
[0.860s] writing requirements to ../../build/ekf_fusion/ekf_fusion.egg-info/requires.txt
[0.860s] writing top-level names to ../../build/ekf_fusion/ekf_fusion.egg-info/top_level.txt
[0.862s] reading manifest file '../../build/ekf_fusion/ekf_fusion.egg-info/SOURCES.txt'
[0.862s] writing manifest file '../../build/ekf_fusion/ekf_fusion.egg-info/SOURCES.txt'
[0.863s] running build
[0.863s] running build_py
[0.863s] copying ekf_fusion/ekf_node.py -> /home/aom/Documents/GitHub/Mobile_Lab1/ros2_ws/build/ekf_fusion/build/lib/ekf_fusion
[0.863s] running install
[0.863s] running install_lib
[0.864s] copying /home/aom/Documents/GitHub/Mobile_Lab1/ros2_ws/build/ekf_fusion/build/lib/ekf_fusion/ekf_node.py -> /home/aom/Documents/GitHub/Mobile_Lab1/ros2_ws/install/ekf_fusion/lib/python3.10/site-packages/ekf_fusion
[0.864s] byte-compiling /home/aom/Documents/GitHub/Mobile_Lab1/ros2_ws/install/ekf_fusion/lib/python3.10/site-packages/ekf_fusion/ekf_node.py to ekf_node.cpython-310.pyc
[0.865s] running install_data
[0.865s] running install_egg_info
[0.866s] removing '/home/aom/Documents/GitHub/Mobile_Lab1/ros2_ws/install/ekf_fusion/lib/python3.10/site-packages/ekf_fusion-0.0.0-py3.10.egg-info' (and everything under it)
[0.867s] Copying ../../build/ekf_fusion/ekf_fusion.egg-info to /home/aom/Documents/GitHub/Mobile_Lab1/ros2_ws/install/ekf_fusion/lib/python3.10/site-packages/ekf_fusion-0.0.0-py3.10.egg-info
[0.867s] running install_scripts
[0.882s] Installing ekf_node script to /home/aom/Documents/GitHub/Mobile_Lab1/ros2_ws/install/ekf_fusion/lib/ekf_fusion
[0.883s] writing list of installed files to '/home/aom/Documents/GitHub/Mobile_Lab1/ros2_ws/build/ekf_fusion/install.log'
[0.911s] Invoked command in '/home/aom/Documents/GitHub/Mobile_Lab1/ros2_ws/src/ekf_fusion' returned '0': PYTHONPATH=/home/aom/Documents/GitHub/Mobile_Lab1/ros2_ws/build/ekf_fusion/prefix_override:/usr/lib/python3/dist-packages/colcon_core/task/python/colcon_distutils_commands:/home/aom/Documents/GitHub/Mobile_Lab1/ros2_ws/install/ekf_fusion/lib/python3.10/site-packages:${PYTHONPATH} /usr/bin/python3 -W ignore:setup.py install is deprecated -W ignore:easy_install command is deprecated setup.py egg_info --egg-base ../../build/ekf_fusion build --build-base /home/aom/Documents/GitHub/Mobile_Lab1/ros2_ws/build/ekf_fusion/build install --record /home/aom/Documents/GitHub/Mobile_Lab1/ros2_ws/build/ekf_fusion/install.log --single-version-externally-managed install_data
