[0.069s] DEBUG:colcon:Command line arguments: ['/usr/bin/colcon', 'build']
[0.069s] DEBUG:colcon:Parsed command line arguments: Namespace(log_base=None, log_level=None, verb_name='build', build_base='build', install_base='install', merge_install=False, symlink_install=False, test_result_base=None, continue_on_error=False, executor='parallel', parallel_workers=20, event_handlers=None, ignore_user_meta=False, metas=['./colcon.meta'], base_paths=['.'], packages_ignore=None, packages_ignore_regex=None, paths=None, packages_up_to=None, packages_up_to_regex=None, packages_above=None, packages_above_and_dependencies=None, packages_above_depth=None, packages_select_by_dep=None, packages_skip_by_dep=None, packages_skip_up_to=None, packages_select_build_failed=False, packages_skip_build_finished=False, packages_select_test_failures=False, packages_skip_test_passed=False, packages_select=None, packages_skip=None, packages_select_regex=None, packages_skip_regex=None, packages_start=None, packages_end=None, allow_overriding=[], cmake_args=None, cmake_target=None, cmake_target_skip_unavailable=False, cmake_clean_cache=False, cmake_clean_first=False, cmake_force_configure=False, ament_cmake_args=None, catkin_cmake_args=None, catkin_skip_building_tests=False, mixin_files=None, mixin=None, verb_parser=<colcon_mixin.mixin.mixin_argument.MixinArgumentDecorator object at 0x70b4f4073730>, verb_extension=<colcon_core.verb.build.BuildVerb object at 0x70b4f41c0610>, main=<bound method BuildVerb.main of <colcon_core.verb.build.BuildVerb object at 0x70b4f41c0610>>, mixin_verb=('build',))
[0.181s] Level 1:colcon.colcon_core.package_discovery:discover_packages(colcon_meta) check parameters
[0.181s] Level 1:colcon.colcon_core.package_discovery:discover_packages(recursive) check parameters
[0.181s] Level 1:colcon.colcon_core.package_discovery:discover_packages(ignore) check parameters
[0.181s] Level 1:colcon.colcon_core.package_discovery:discover_packages(path) check parameters
[0.181s] Level 1:colcon.colcon_core.package_discovery:discover_packages(colcon_meta) discover
[0.181s] Level 1:colcon.colcon_core.package_discovery:discover_packages(recursive) discover
[0.181s] INFO:colcon.colcon_core.package_discovery:Crawling recursively for packages in '/home/aom/Documents/GitHub/Mobile_Lab1/ros2_ws'
[0.181s] Level 1:colcon.colcon_core.package_identification:_identify(.) by extensions ['ignore', 'ignore_ament_install']
[0.181s] Level 1:colcon.colcon_core.package_identification:_identify(.) by extension 'ignore'
[0.181s] Level 1:colcon.colcon_core.package_identification:_identify(.) by extension 'ignore_ament_install'
[0.181s] Level 1:colcon.colcon_core.package_identification:_identify(.) by extensions ['colcon_pkg']
[0.181s] Level 1:colcon.colcon_core.package_identification:_identify(.) by extension 'colcon_pkg'
[0.181s] Level 1:colcon.colcon_core.package_identification:_identify(.) by extensions ['colcon_meta']
[0.181s] Level 1:colcon.colcon_core.package_identification:_identify(.) by extension 'colcon_meta'
[0.181s] Level 1:colcon.colcon_core.package_identification:_identify(.) by extensions ['ros']
[0.181s] Level 1:colcon.colcon_core.package_identification:_identify(.) by extension 'ros'
[0.195s] Level 1:colcon.colcon_core.package_identification:_identify(.) by extensions ['cmake', 'python']
[0.195s] Level 1:colcon.colcon_core.package_identification:_identify(.) by extension 'cmake'
[0.195s] Level 1:colcon.colcon_core.package_identification:_identify(.) by extension 'python'
[0.195s] Level 1:colcon.colcon_core.package_identification:_identify(.) by extensions ['python_setup_py']
[0.195s] Level 1:colcon.colcon_core.package_identification:_identify(.) by extension 'python_setup_py'
[0.195s] Level 1:colcon.colcon_core.package_identification:_identify(FRA532_LAB1_DATASET) by extensions ['ignore', 'ignore_ament_install']
[0.195s] Level 1:colcon.colcon_core.package_identification:_identify(FRA532_LAB1_DATASET) by extension 'ignore'
[0.195s] Level 1:colcon.colcon_core.package_identification:_identify(FRA532_LAB1_DATASET) by extension 'ignore_ament_install'
[0.195s] Level 1:colcon.colcon_core.package_identification:_identify(FRA532_LAB1_DATASET) by extensions ['colcon_pkg']
[0.195s] Level 1:colcon.colcon_core.package_identification:_identify(FRA532_LAB1_DATASET) by extension 'colcon_pkg'
[0.195s] Level 1:colcon.colcon_core.package_identification:_identify(FRA532_LAB1_DATASET) by extensions ['colcon_meta']
[0.195s] Level 1:colcon.colcon_core.package_identification:_identify(FRA532_LAB1_DATASET) by extension 'colcon_meta'
[0.195s] Level 1:colcon.colcon_core.package_identification:_identify(FRA532_LAB1_DATASET) by extensions ['ros']
[0.195s] Level 1:colcon.colcon_core.package_identification:_identify(FRA532_LAB1_DATASET) by extension 'ros'
[0.195s] Level 1:colcon.colcon_core.package_identification:_identify(FRA532_LAB1_DATASET) by extensions ['cmake', 'python']
[0.195s] Level 1:colcon.colcon_core.package_identification:_identify(FRA532_LAB1_DATASET) by extension 'cmake'
[0.195s] Level 1:colcon.colcon_core.package_identification:_identify(FRA532_LAB1_DATASET) by extension 'python'
[0.195s] Level 1:colcon.colcon_core.package_identification:_identify(FRA532_LAB1_DATASET) by extensions ['python_setup_py']
[0.195s] Level 1:colcon.colcon_core.package_identification:_identify(FRA532_LAB1_DATASET) by extension 'python_setup_py'
[0.195s] Level 1:colcon.colcon_core.package_identification:_identify(FRA532_LAB1_DATASET/fibo_floor3_seq00) by extensions ['ignore', 'ignore_ament_install']
[0.195s] Level 1:colcon.colcon_core.package_identification:_identify(FRA532_LAB1_DATASET/fibo_floor3_seq00) by extension 'ignore'
[0.195s] Level 1:colcon.colcon_core.package_identification:_identify(FRA532_LAB1_DATASET/fibo_floor3_seq00) by extension 'ignore_ament_install'
[0.195s] Level 1:colcon.colcon_core.package_identification:_identify(FRA532_LAB1_DATASET/fibo_floor3_seq00) by extensions ['colcon_pkg']
[0.195s] Level 1:colcon.colcon_core.package_identification:_identify(FRA532_LAB1_DATASET/fibo_floor3_seq00) by extension 'colcon_pkg'
[0.195s] Level 1:colcon.colcon_core.package_identification:_identify(FRA532_LAB1_DATASET/fibo_floor3_seq00) by extensions ['colcon_meta']
[0.195s] Level 1:colcon.colcon_core.package_identification:_identify(FRA532_LAB1_DATASET/fibo_floor3_seq00) by extension 'colcon_meta'
[0.195s] Level 1:colcon.colcon_core.package_identification:_identify(FRA532_LAB1_DATASET/fibo_floor3_seq00) by extensions ['ros']
[0.195s] Level 1:colcon.colcon_core.package_identification:_identify(FRA532_LAB1_DATASET/fibo_floor3_seq00) by extension 'ros'
[0.195s] Level 1:colcon.colcon_core.package_identification:_identify(FRA532_LAB1_DATASET/fibo_floor3_seq00) by extensions ['cmake', 'python']
[0.195s] Level 1:colcon.colcon_core.package_identification:_identify(FRA532_LAB1_DATASET/fibo_floor3_seq00) by extension 'cmake'
[0.195s] Level 1:colcon.colcon_core.package_identification:_identify(FRA532_LAB1_DATASET/fibo_floor3_seq00) by extension 'python'
[0.195s] Level 1:colcon.colcon_core.package_identification:_identify(FRA532_LAB1_DATASET/fibo_floor3_seq00) by extensions ['python_setup_py']
[0.195s] Level 1:colcon.colcon_core.package_identification:_identify(FRA532_LAB1_DATASET/fibo_floor3_seq00) by extension 'python_setup_py'
[0.196s] Level 1:colcon.colcon_core.package_identification:_identify(FRA532_LAB1_DATASET/fibo_floor3_seq01) by extensions ['ignore', 'ignore_ament_install']
[0.196s] Level 1:colcon.colcon_core.package_identification:_identify(FRA532_LAB1_DATASET/fibo_floor3_seq01) by extension 'ignore'
[0.196s] Level 1:colcon.colcon_core.package_identification:_identify(FRA532_LAB1_DATASET/fibo_floor3_seq01) by extension 'ignore_ament_install'
[0.196s] Level 1:colcon.colcon_core.package_identification:_identify(FRA532_LAB1_DATASET/fibo_floor3_seq01) by extensions ['colcon_pkg']
[0.196s] Level 1:colcon.colcon_core.package_identification:_identify(FRA532_LAB1_DATASET/fibo_floor3_seq01) by extension 'colcon_pkg'
[0.196s] Level 1:colcon.colcon_core.package_identification:_identify(FRA532_LAB1_DATASET/fibo_floor3_seq01) by extensions ['colcon_meta']
[0.196s] Level 1:colcon.colcon_core.package_identification:_identify(FRA532_LAB1_DATASET/fibo_floor3_seq01) by extension 'colcon_meta'
[0.196s] Level 1:colcon.colcon_core.package_identification:_identify(FRA532_LAB1_DATASET/fibo_floor3_seq01) by extensions ['ros']
[0.196s] Level 1:colcon.colcon_core.package_identification:_identify(FRA532_LAB1_DATASET/fibo_floor3_seq01) by extension 'ros'
[0.196s] Level 1:colcon.colcon_core.package_identification:_identify(FRA532_LAB1_DATASET/fibo_floor3_seq01) by extensions ['cmake', 'python']
[0.196s] Level 1:colcon.colcon_core.package_identification:_identify(FRA532_LAB1_DATASET/fibo_floor3_seq01) by extension 'cmake'
[0.196s] Level 1:colcon.colcon_core.package_identification:_identify(FRA532_LAB1_DATASET/fibo_floor3_seq01) by extension 'python'
[0.196s] Level 1:colcon.colcon_core.package_identification:_identify(FRA532_LAB1_DATASET/fibo_floor3_seq01) by extensions ['python_setup_py']
[0.196s] Level 1:colcon.colcon_core.package_identification:_identify(FRA532_LAB1_DATASET/fibo_floor3_seq01) by extension 'python_setup_py'
[0.196s] Level 1:colcon.colcon_core.package_identification:_identify(FRA532_LAB1_DATASET/fibo_floor3_seq02) by extensions ['ignore', 'ignore_ament_install']
[0.196s] Level 1:colcon.colcon_core.package_identification:_identify(FRA532_LAB1_DATASET/fibo_floor3_seq02) by extension 'ignore'
[0.196s] Level 1:colcon.colcon_core.package_identification:_identify(FRA532_LAB1_DATASET/fibo_floor3_seq02) by extension 'ignore_ament_install'
[0.196s] Level 1:colcon.colcon_core.package_identification:_identify(FRA532_LAB1_DATASET/fibo_floor3_seq02) by extensions ['colcon_pkg']
[0.196s] Level 1:colcon.colcon_core.package_identification:_identify(FRA532_LAB1_DATASET/fibo_floor3_seq02) by extension 'colcon_pkg'
[0.196s] Level 1:colcon.colcon_core.package_identification:_identify(FRA532_LAB1_DATASET/fibo_floor3_seq02) by extensions ['colcon_meta']
[0.196s] Level 1:colcon.colcon_core.package_identification:_identify(FRA532_LAB1_DATASET/fibo_floor3_seq02) by extension 'colcon_meta'
[0.196s] Level 1:colcon.colcon_core.package_identification:_identify(FRA532_LAB1_DATASET/fibo_floor3_seq02) by extensions ['ros']
[0.196s] Level 1:colcon.colcon_core.package_identification:_identify(FRA532_LAB1_DATASET/fibo_floor3_seq02) by extension 'ros'
[0.196s] Level 1:colcon.colcon_core.package_identification:_identify(FRA532_LAB1_DATASET/fibo_floor3_seq02) by extensions ['cmake', 'python']
[0.196s] Level 1:colcon.colcon_core.package_identification:_identify(FRA532_LAB1_DATASET/fibo_floor3_seq02) by extension 'cmake'
[0.196s] Level 1:colcon.colcon_core.package_identification:_identify(FRA532_LAB1_DATASET/fibo_floor3_seq02) by extension 'python'
[0.196s] Level 1:colcon.colcon_core.package_identification:_identify(FRA532_LAB1_DATASET/fibo_floor3_seq02) by extensions ['python_setup_py']
[0.196s] Level 1:colcon.colcon_core.package_identification:_identify(FRA532_LAB1_DATASET/fibo_floor3_seq02) by extension 'python_setup_py'
[0.196s] Level 1:colcon.colcon_core.package_identification:_identify(build) by extensions ['ignore', 'ignore_ament_install']
[0.196s] Level 1:colcon.colcon_core.package_identification:_identify(build) by extension 'ignore'
[0.196s] Level 1:colcon.colcon_core.package_identification:_identify(build) ignored
[0.196s] Level 1:colcon.colcon_core.package_identification:_identify(install) by extensions ['ignore', 'ignore_ament_install']
[0.196s] Level 1:colcon.colcon_core.package_identification:_identify(install) by extension 'ignore'
[0.196s] Level 1:colcon.colcon_core.package_identification:_identify(install) ignored
[0.196s] Level 1:colcon.colcon_core.package_identification:_identify(log) by extensions ['ignore', 'ignore_ament_install']
[0.197s] Level 1:colcon.colcon_core.package_identification:_identify(log) by extension 'ignore'
[0.197s] Level 1:colcon.colcon_core.package_identification:_identify(log) ignored
[0.197s] Level 1:colcon.colcon_core.package_identification:_identify(rosbag2_2026_02_15-17_11_27) by extensions ['ignore', 'ignore_ament_install']
[0.197s] Level 1:colcon.colcon_core.package_identification:_identify(rosbag2_2026_02_15-17_11_27) by extension 'ignore'
[0.197s] Level 1:colcon.colcon_core.package_identification:_identify(rosbag2_2026_02_15-17_11_27) by extension 'ignore_ament_install'
[0.197s] Level 1:colcon.colcon_core.package_identification:_identify(rosbag2_2026_02_15-17_11_27) by extensions ['colcon_pkg']
[0.197s] Level 1:colcon.colcon_core.package_identification:_identify(rosbag2_2026_02_15-17_11_27) by extension 'colcon_pkg'
[0.197s] Level 1:colcon.colcon_core.package_identification:_identify(rosbag2_2026_02_15-17_11_27) by extensions ['colcon_meta']
[0.197s] Level 1:colcon.colcon_core.package_identification:_identify(rosbag2_2026_02_15-17_11_27) by extension 'colcon_meta'
[0.197s] Level 1:colcon.colcon_core.package_identification:_identify(rosbag2_2026_02_15-17_11_27) by extensions ['ros']
[0.197s] Level 1:colcon.colcon_core.package_identification:_identify(rosbag2_2026_02_15-17_11_27) by extension 'ros'
[0.197s] Level 1:colcon.colcon_core.package_identification:_identify(rosbag2_2026_02_15-17_11_27) by extensions ['cmake', 'python']
[0.197s] Level 1:colcon.colcon_core.package_identification:_identify(rosbag2_2026_02_15-17_11_27) by extension 'cmake'
[0.197s] Level 1:colcon.colcon_core.package_identification:_identify(rosbag2_2026_02_15-17_11_27) by extension 'python'
[0.197s] Level 1:colcon.colcon_core.package_identification:_identify(rosbag2_2026_02_15-17_11_27) by extensions ['python_setup_py']
[0.197s] Level 1:colcon.colcon_core.package_identification:_identify(rosbag2_2026_02_15-17_11_27) by extension 'python_setup_py'
[0.197s] Level 1:colcon.colcon_core.package_identification:_identify(seq00) by extensions ['ignore', 'ignore_ament_install']
[0.197s] Level 1:colcon.colcon_core.package_identification:_identify(seq00) by extension 'ignore'
[0.197s] Level 1:colcon.colcon_core.package_identification:_identify(seq00) by extension 'ignore_ament_install'
[0.197s] Level 1:colcon.colcon_core.package_identification:_identify(seq00) by extensions ['colcon_pkg']
[0.197s] Level 1:colcon.colcon_core.package_identification:_identify(seq00) by extension 'colcon_pkg'
[0.197s] Level 1:colcon.colcon_core.package_identification:_identify(seq00) by extensions ['colcon_meta']
[0.197s] Level 1:colcon.colcon_core.package_identification:_identify(seq00) by extension 'colcon_meta'
[0.197s] Level 1:colcon.colcon_core.package_identification:_identify(seq00) by extensions ['ros']
[0.197s] Level 1:colcon.colcon_core.package_identification:_identify(seq00) by extension 'ros'
[0.197s] Level 1:colcon.colcon_core.package_identification:_identify(seq00) by extensions ['cmake', 'python']
[0.197s] Level 1:colcon.colcon_core.package_identification:_identify(seq00) by extension 'cmake'
[0.197s] Level 1:colcon.colcon_core.package_identification:_identify(seq00) by extension 'python'
[0.197s] Level 1:colcon.colcon_core.package_identification:_identify(seq00) by extensions ['python_setup_py']
[0.197s] Level 1:colcon.colcon_core.package_identification:_identify(seq00) by extension 'python_setup_py'
[0.197s] Level 1:colcon.colcon_core.package_identification:_identify(slam_output_seq00) by extensions ['ignore', 'ignore_ament_install']
[0.197s] Level 1:colcon.colcon_core.package_identification:_identify(slam_output_seq00) by extension 'ignore'
[0.197s] Level 1:colcon.colcon_core.package_identification:_identify(slam_output_seq00) by extension 'ignore_ament_install'
[0.197s] Level 1:colcon.colcon_core.package_identification:_identify(slam_output_seq00) by extensions ['colcon_pkg']
[0.197s] Level 1:colcon.colcon_core.package_identification:_identify(slam_output_seq00) by extension 'colcon_pkg'
[0.197s] Level 1:colcon.colcon_core.package_identification:_identify(slam_output_seq00) by extensions ['colcon_meta']
[0.197s] Level 1:colcon.colcon_core.package_identification:_identify(slam_output_seq00) by extension 'colcon_meta'
[0.197s] Level 1:colcon.colcon_core.package_identification:_identify(slam_output_seq00) by extensions ['ros']
[0.197s] Level 1:colcon.colcon_core.package_identification:_identify(slam_output_seq00) by extension 'ros'
[0.197s] Level 1:colcon.colcon_core.package_identification:_identify(slam_output_seq00) by extensions ['cmake', 'python']
[0.197s] Level 1:colcon.colcon_core.package_identification:_identify(slam_output_seq00) by extension 'cmake'
[0.197s] Level 1:colcon.colcon_core.package_identification:_identify(slam_output_seq00) by extension 'python'
[0.197s] Level 1:colcon.colcon_core.package_identification:_identify(slam_output_seq00) by extensions ['python_setup_py']
[0.198s] Level 1:colcon.colcon_core.package_identification:_identify(slam_output_seq00) by extension 'python_setup_py'
[0.198s] Level 1:colcon.colcon_core.package_identification:_identify(slam_output_seq01) by extensions ['ignore', 'ignore_ament_install']
[0.198s] Level 1:colcon.colcon_core.package_identification:_identify(slam_output_seq01) by extension 'ignore'
[0.198s] Level 1:colcon.colcon_core.package_identification:_identify(slam_output_seq01) by extension 'ignore_ament_install'
[0.198s] Level 1:colcon.colcon_core.package_identification:_identify(slam_output_seq01) by extensions ['colcon_pkg']
[0.198s] Level 1:colcon.colcon_core.package_identification:_identify(slam_output_seq01) by extension 'colcon_pkg'
[0.198s] Level 1:colcon.colcon_core.package_identification:_identify(slam_output_seq01) by extensions ['colcon_meta']
[0.198s] Level 1:colcon.colcon_core.package_identification:_identify(slam_output_seq01) by extension 'colcon_meta'
[0.198s] Level 1:colcon.colcon_core.package_identification:_identify(slam_output_seq01) by extensions ['ros']
[0.198s] Level 1:colcon.colcon_core.package_identification:_identify(slam_output_seq01) by extension 'ros'
[0.198s] Level 1:colcon.colcon_core.package_identification:_identify(slam_output_seq01) by extensions ['cmake', 'python']
[0.198s] Level 1:colcon.colcon_core.package_identification:_identify(slam_output_seq01) by extension 'cmake'
[0.198s] Level 1:colcon.colcon_core.package_identification:_identify(slam_output_seq01) by extension 'python'
[0.198s] Level 1:colcon.colcon_core.package_identification:_identify(slam_output_seq01) by extensions ['python_setup_py']
[0.198s] Level 1:colcon.colcon_core.package_identification:_identify(slam_output_seq01) by extension 'python_setup_py'
[0.198s] Level 1:colcon.colcon_core.package_identification:_identify(slam_output_seq02) by extensions ['ignore', 'ignore_ament_install']
[0.198s] Level 1:colcon.colcon_core.package_identification:_identify(slam_output_seq02) by extension 'ignore'
[0.198s] Level 1:colcon.colcon_core.package_identification:_identify(slam_output_seq02) by extension 'ignore_ament_install'
[0.198s] Level 1:colcon.colcon_core.package_identification:_identify(slam_output_seq02) by extensions ['colcon_pkg']
[0.198s] Level 1:colcon.colcon_core.package_identification:_identify(slam_output_seq02) by extension 'colcon_pkg'
[0.198s] Level 1:colcon.colcon_core.package_identification:_identify(slam_output_seq02) by extensions ['colcon_meta']
[0.198s] Level 1:colcon.colcon_core.package_identification:_identify(slam_output_seq02) by extension 'colcon_meta'
[0.198s] Level 1:colcon.colcon_core.package_identification:_identify(slam_output_seq02) by extensions ['ros']
[0.198s] Level 1:colcon.colcon_core.package_identification:_identify(slam_output_seq02) by extension 'ros'
[0.198s] Level 1:colcon.colcon_core.package_identification:_identify(slam_output_seq02) by extensions ['cmake', 'python']
[0.198s] Level 1:colcon.colcon_core.package_identification:_identify(slam_output_seq02) by extension 'cmake'
[0.198s] Level 1:colcon.colcon_core.package_identification:_identify(slam_output_seq02) by extension 'python'
[0.198s] Level 1:colcon.colcon_core.package_identification:_identify(slam_output_seq02) by extensions ['python_setup_py']
[0.198s] Level 1:colcon.colcon_core.package_identification:_identify(slam_output_seq02) by extension 'python_setup_py'
[0.198s] Level 1:colcon.colcon_core.package_identification:_identify(src) by extensions ['ignore', 'ignore_ament_install']
[0.198s] Level 1:colcon.colcon_core.package_identification:_identify(src) by extension 'ignore'
[0.198s] Level 1:colcon.colcon_core.package_identification:_identify(src) by extension 'ignore_ament_install'
[0.198s] Level 1:colcon.colcon_core.package_identification:_identify(src) by extensions ['colcon_pkg']
[0.198s] Level 1:colcon.colcon_core.package_identification:_identify(src) by extension 'colcon_pkg'
[0.198s] Level 1:colcon.colcon_core.package_identification:_identify(src) by extensions ['colcon_meta']
[0.198s] Level 1:colcon.colcon_core.package_identification:_identify(src) by extension 'colcon_meta'
[0.198s] Level 1:colcon.colcon_core.package_identification:_identify(src) by extensions ['ros']
[0.198s] Level 1:colcon.colcon_core.package_identification:_identify(src) by extension 'ros'
[0.198s] Level 1:colcon.colcon_core.package_identification:_identify(src) by extensions ['cmake', 'python']
[0.198s] Level 1:colcon.colcon_core.package_identification:_identify(src) by extension 'cmake'
[0.198s] Level 1:colcon.colcon_core.package_identification:_identify(src) by extension 'python'
[0.198s] Level 1:colcon.colcon_core.package_identification:_identify(src) by extensions ['python_setup_py']
[0.198s] Level 1:colcon.colcon_core.package_identification:_identify(src) by extension 'python_setup_py'
[0.198s] Level 1:colcon.colcon_core.package_identification:_identify(src/ekf_fusion) by extensions ['ignore', 'ignore_ament_install']
[0.199s] Level 1:colcon.colcon_core.package_identification:_identify(src/ekf_fusion) by extension 'ignore'
[0.199s] Level 1:colcon.colcon_core.package_identification:_identify(src/ekf_fusion) by extension 'ignore_ament_install'
[0.199s] Level 1:colcon.colcon_core.package_identification:_identify(src/ekf_fusion) by extensions ['colcon_pkg']
[0.199s] Level 1:colcon.colcon_core.package_identification:_identify(src/ekf_fusion) by extension 'colcon_pkg'
[0.199s] Level 1:colcon.colcon_core.package_identification:_identify(src/ekf_fusion) by extensions ['colcon_meta']
[0.199s] Level 1:colcon.colcon_core.package_identification:_identify(src/ekf_fusion) by extension 'colcon_meta'
[0.199s] Level 1:colcon.colcon_core.package_identification:_identify(src/ekf_fusion) by extensions ['ros']
[0.199s] Level 1:colcon.colcon_core.package_identification:_identify(src/ekf_fusion) by extension 'ros'
[0.200s] DEBUG:colcon.colcon_core.package_identification:Package 'src/ekf_fusion' with type 'ros.ament_python' and name 'ekf_fusion'
[0.201s] Level 1:colcon.colcon_core.package_identification:_identify(src/icp_refinement) by extensions ['ignore', 'ignore_ament_install']
[0.201s] Level 1:colcon.colcon_core.package_identification:_identify(src/icp_refinement) by extension 'ignore'
[0.201s] Level 1:colcon.colcon_core.package_identification:_identify(src/icp_refinement) by extension 'ignore_ament_install'
[0.201s] Level 1:colcon.colcon_core.package_identification:_identify(src/icp_refinement) by extensions ['colcon_pkg']
[0.201s] Level 1:colcon.colcon_core.package_identification:_identify(src/icp_refinement) by extension 'colcon_pkg'
[0.201s] Level 1:colcon.colcon_core.package_identification:_identify(src/icp_refinement) by extensions ['colcon_meta']
[0.201s] Level 1:colcon.colcon_core.package_identification:_identify(src/icp_refinement) by extension 'colcon_meta'
[0.201s] Level 1:colcon.colcon_core.package_identification:_identify(src/icp_refinement) by extensions ['ros']
[0.201s] Level 1:colcon.colcon_core.package_identification:_identify(src/icp_refinement) by extension 'ros'
[0.201s] DEBUG:colcon.colcon_core.package_identification:Package 'src/icp_refinement' with type 'ros.ament_python' and name 'icp_refinement'
[0.201s] Level 1:colcon.colcon_core.package_discovery:discover_packages(recursive) using defaults
[0.201s] Level 1:colcon.colcon_core.package_discovery:discover_packages(ignore) discover
[0.201s] Level 1:colcon.colcon_core.package_discovery:discover_packages(ignore) using defaults
[0.201s] Level 1:colcon.colcon_core.package_discovery:discover_packages(path) discover
[0.201s] Level 1:colcon.colcon_core.package_discovery:discover_packages(path) using defaults
[0.214s] Level 1:colcon.colcon_core.package_discovery:discover_packages(prefix_path) check parameters
[0.214s] Level 1:colcon.colcon_core.package_discovery:discover_packages(prefix_path) discover
[0.215s] DEBUG:colcon.colcon_installed_package_information.package_discovery:Found 2 installed packages in /home/aom/Documents/GitHub/Mobile_Lab1/ros2_ws/install
[0.216s] DEBUG:colcon.colcon_installed_package_information.package_discovery:Found 335 installed packages in /opt/ros/humble
[0.218s] Level 1:colcon.colcon_core.package_discovery:discover_packages(prefix_path) using defaults
[0.243s] Level 5:colcon.colcon_core.verb:set package 'ekf_fusion' build argument 'cmake_args' from command line to 'None'
[0.244s] Level 5:colcon.colcon_core.verb:set package 'ekf_fusion' build argument 'cmake_target' from command line to 'None'
[0.244s] Level 5:colcon.colcon_core.verb:set package 'ekf_fusion' build argument 'cmake_target_skip_unavailable' from command line to 'False'
[0.244s] Level 5:colcon.colcon_core.verb:set package 'ekf_fusion' build argument 'cmake_clean_cache' from command line to 'False'
[0.244s] Level 5:colcon.colcon_core.verb:set package 'ekf_fusion' build argument 'cmake_clean_first' from command line to 'False'
[0.244s] Level 5:colcon.colcon_core.verb:set package 'ekf_fusion' build argument 'cmake_force_configure' from command line to 'False'
[0.244s] Level 5:colcon.colcon_core.verb:set package 'ekf_fusion' build argument 'ament_cmake_args' from command line to 'None'
[0.244s] Level 5:colcon.colcon_core.verb:set package 'ekf_fusion' build argument 'catkin_cmake_args' from command line to 'None'
[0.244s] Level 5:colcon.colcon_core.verb:set package 'ekf_fusion' build argument 'catkin_skip_building_tests' from command line to 'False'
[0.244s] DEBUG:colcon.colcon_core.verb:Building package 'ekf_fusion' with the following arguments: {'ament_cmake_args': None, 'build_base': '/home/aom/Documents/GitHub/Mobile_Lab1/ros2_ws/build/ekf_fusion', 'catkin_cmake_args': None, 'catkin_skip_building_tests': False, 'cmake_args': None, 'cmake_clean_cache': False, 'cmake_clean_first': False, 'cmake_force_configure': False, 'cmake_target': None, 'cmake_target_skip_unavailable': False, 'install_base': '/home/aom/Documents/GitHub/Mobile_Lab1/ros2_ws/install/ekf_fusion', 'merge_install': False, 'path': '/home/aom/Documents/GitHub/Mobile_Lab1/ros2_ws/src/ekf_fusion', 'symlink_install': False, 'test_result_base': None}
[0.244s] Level 5:colcon.colcon_core.verb:set package 'icp_refinement' build argument 'cmake_args' from command line to 'None'
[0.244s] Level 5:colcon.colcon_core.verb:set package 'icp_refinement' build argument 'cmake_target' from command line to 'None'
[0.244s] Level 5:colcon.colcon_core.verb:set package 'icp_refinement' build argument 'cmake_target_skip_unavailable' from command line to 'False'
[0.244s] Level 5:colcon.colcon_core.verb:set package 'icp_refinement' build argument 'cmake_clean_cache' from command line to 'False'
[0.244s] Level 5:colcon.colcon_core.verb:set package 'icp_refinement' build argument 'cmake_clean_first' from command line to 'False'
[0.244s] Level 5:colcon.colcon_core.verb:set package 'icp_refinement' build argument 'cmake_force_configure' from command line to 'False'
[0.244s] Level 5:colcon.colcon_core.verb:set package 'icp_refinement' build argument 'ament_cmake_args' from command line to 'None'
[0.244s] Level 5:colcon.colcon_core.verb:set package 'icp_refinement' build argument 'catkin_cmake_args' from command line to 'None'
[0.244s] Level 5:colcon.colcon_core.verb:set package 'icp_refinement' build argument 'catkin_skip_building_tests' from command line to 'False'
[0.244s] DEBUG:colcon.colcon_core.verb:Building package 'icp_refinement' with the following arguments: {'ament_cmake_args': None, 'build_base': '/home/aom/Documents/GitHub/Mobile_Lab1/ros2_ws/build/icp_refinement', 'catkin_cmake_args': None, 'catkin_skip_building_tests': False, 'cmake_args': None, 'cmake_clean_cache': False, 'cmake_clean_first': False, 'cmake_force_configure': False, 'cmake_target': None, 'cmake_target_skip_unavailable': False, 'install_base': '/home/aom/Documents/GitHub/Mobile_Lab1/ros2_ws/install/icp_refinement', 'merge_install': False, 'path': '/home/aom/Documents/GitHub/Mobile_Lab1/ros2_ws/src/icp_refinement', 'symlink_install': False, 'test_result_base': None}
[0.244s] INFO:colcon.colcon_core.executor:Executing jobs using 'parallel' executor
[0.245s] DEBUG:colcon.colcon_parallel_executor.executor.parallel:run_until_complete
[0.245s] INFO:colcon.colcon_ros.task.ament_python.build:Building ROS package in '/home/aom/Documents/GitHub/Mobile_Lab1/ros2_ws/src/ekf_fusion' with build type 'ament_python'
[0.245s] Level 1:colcon.colcon_core.shell:create_environment_hook('ekf_fusion', 'ament_prefix_path')
[0.247s] INFO:colcon.colcon_core.plugin_system:Skipping extension 'colcon_core.shell.bat': Not used on non-Windows systems
[0.247s] INFO:colcon.colcon_core.shell:Creating environment hook '/home/aom/Documents/GitHub/Mobile_Lab1/ros2_ws/install/ekf_fusion/share/ekf_fusion/hook/ament_prefix_path.ps1'
[0.248s] INFO:colcon.colcon_core.shell:Creating environment descriptor '/home/aom/Documents/GitHub/Mobile_Lab1/ros2_ws/install/ekf_fusion/share/ekf_fusion/hook/ament_prefix_path.dsv'
[0.248s] INFO:colcon.colcon_core.shell:Creating environment hook '/home/aom/Documents/GitHub/Mobile_Lab1/ros2_ws/install/ekf_fusion/share/ekf_fusion/hook/ament_prefix_path.sh'
[0.248s] INFO:colcon.colcon_core.shell:Skip shell extension 'powershell' for command environment: Not usable outside of PowerShell
[0.248s] DEBUG:colcon.colcon_core.shell:Skip shell extension 'dsv' for command environment
[0.251s] INFO:colcon.colcon_ros.task.ament_python.build:Building ROS package in '/home/aom/Documents/GitHub/Mobile_Lab1/ros2_ws/src/icp_refinement' with build type 'ament_python'
[0.251s] Level 1:colcon.colcon_core.shell:create_environment_hook('icp_refinement', 'ament_prefix_path')
[0.251s] INFO:colcon.colcon_core.shell:Creating environment hook '/home/aom/Documents/GitHub/Mobile_Lab1/ros2_ws/install/icp_refinement/share/icp_refinement/hook/ament_prefix_path.ps1'
[0.252s] INFO:colcon.colcon_core.shell:Creating environment descriptor '/home/aom/Documents/GitHub/Mobile_Lab1/ros2_ws/install/icp_refinement/share/icp_refinement/hook/ament_prefix_path.dsv'
[0.252s] INFO:colcon.colcon_core.shell:Creating environment hook '/home/aom/Documents/GitHub/Mobile_Lab1/ros2_ws/install/icp_refinement/share/icp_refinement/hook/ament_prefix_path.sh'
[0.253s] INFO:colcon.colcon_core.shell:Skip shell extension 'powershell' for command environment: Not usable outside of PowerShell
[0.253s] DEBUG:colcon.colcon_core.shell:Skip shell extension 'dsv' for command environment
[0.423s] INFO:colcon.colcon_core.task.python.build:Building Python package in '/home/aom/Documents/GitHub/Mobile_Lab1/ros2_ws/src/ekf_fusion'
[0.423s] INFO:colcon.colcon_core.shell:Skip shell extension 'powershell' for command environment: Not usable outside of PowerShell
[0.423s] DEBUG:colcon.colcon_core.shell:Skip shell extension 'dsv' for command environment
[0.588s] INFO:colcon.colcon_core.task.python.build:Building Python package in '/home/aom/Documents/GitHub/Mobile_Lab1/ros2_ws/src/icp_refinement'
[0.589s] INFO:colcon.colcon_core.shell:Skip shell extension 'powershell' for command environment: Not usable outside of PowerShell
[0.589s] DEBUG:colcon.colcon_core.shell:Skip shell extension 'dsv' for command environment
[0.841s] DEBUG:colcon.colcon_core.event_handler.log_command:Invoking command in '/home/aom/Documents/GitHub/Mobile_Lab1/ros2_ws/src/icp_refinement': PYTHONPATH=/home/aom/Documents/GitHub/Mobile_Lab1/ros2_ws/build/icp_refinement/prefix_override:/usr/lib/python3/dist-packages/colcon_core/task/python/colcon_distutils_commands:/home/aom/Documents/GitHub/Mobile_Lab1/ros2_ws/install/icp_refinement/lib/python3.10/site-packages:${PYTHONPATH} /usr/bin/python3 -W ignore:setup.py install is deprecated -W ignore:easy_install command is deprecated setup.py egg_info --egg-base ../../build/icp_refinement build --build-base /home/aom/Documents/GitHub/Mobile_Lab1/ros2_ws/build/icp_refinement/build install --record /home/aom/Documents/GitHub/Mobile_Lab1/ros2_ws/build/icp_refinement/install.log --single-version-externally-managed install_data
[0.842s] DEBUG:colcon.colcon_core.event_handler.log_command:Invoking command in '/home/aom/Documents/GitHub/Mobile_Lab1/ros2_ws/src/ekf_fusion': PYTHONPATH=/home/aom/Documents/GitHub/Mobile_Lab1/ros2_ws/build/ekf_fusion/prefix_override:/usr/lib/python3/dist-packages/colcon_core/task/python/colcon_distutils_commands:/home/aom/Documents/GitHub/Mobile_Lab1/ros2_ws/install/ekf_fusion/lib/python3.10/site-packages:${PYTHONPATH} /usr/bin/python3 -W ignore:setup.py install is deprecated -W ignore:easy_install command is deprecated setup.py egg_info --egg-base ../../build/ekf_fusion build --build-base /home/aom/Documents/GitHub/Mobile_Lab1/ros2_ws/build/ekf_fusion/build install --record /home/aom/Documents/GitHub/Mobile_Lab1/ros2_ws/build/ekf_fusion/install.log --single-version-externally-managed install_data
[1.052s] DEBUG:colcon.colcon_core.event_handler.log_command:Invoked command in '/home/aom/Documents/GitHub/Mobile_Lab1/ros2_ws/src/icp_refinement' returned '0': PYTHONPATH=/home/aom/Documents/GitHub/Mobile_Lab1/ros2_ws/build/icp_refinement/prefix_override:/usr/lib/python3/dist-packages/colcon_core/task/python/colcon_distutils_commands:/home/aom/Documents/GitHub/Mobile_Lab1/ros2_ws/install/icp_refinement/lib/python3.10/site-packages:${PYTHONPATH} /usr/bin/python3 -W ignore:setup.py install is deprecated -W ignore:easy_install command is deprecated setup.py egg_info --egg-base ../../build/icp_refinement build --build-base /home/aom/Documents/GitHub/Mobile_Lab1/ros2_ws/build/icp_refinement/build install --record /home/aom/Documents/GitHub/Mobile_Lab1/ros2_ws/build/icp_refinement/install.log --single-version-externally-managed install_data
[1.053s] Level 1:colcon.colcon_core.environment:checking '/home/aom/Documents/GitHub/Mobile_Lab1/ros2_ws/install/icp_refinement' for CMake module files
[1.054s] Level 1:colcon.colcon_core.environment:checking '/home/aom/Documents/GitHub/Mobile_Lab1/ros2_ws/install/icp_refinement' for CMake config files
[1.054s] Level 1:colcon.colcon_core.environment:checking '/home/aom/Documents/GitHub/Mobile_Lab1/ros2_ws/install/icp_refinement/lib'
[1.054s] Level 1:colcon.colcon_core.environment:checking '/home/aom/Documents/GitHub/Mobile_Lab1/ros2_ws/install/icp_refinement/bin'
[1.054s] Level 1:colcon.colcon_core.environment:checking '/home/aom/Documents/GitHub/Mobile_Lab1/ros2_ws/install/icp_refinement/lib/pkgconfig/icp_refinement.pc'
[1.054s] Level 1:colcon.colcon_core.environment:checking '/home/aom/Documents/GitHub/Mobile_Lab1/ros2_ws/install/icp_refinement/lib/python3.10/site-packages'
[1.055s] Level 1:colcon.colcon_core.shell:create_environment_hook('icp_refinement', 'pythonpath')
[1.055s] INFO:colcon.colcon_core.shell:Creating environment hook '/home/aom/Documents/GitHub/Mobile_Lab1/ros2_ws/install/icp_refinement/share/icp_refinement/hook/pythonpath.ps1'
[1.055s] INFO:colcon.colcon_core.shell:Creating environment descriptor '/home/aom/Documents/GitHub/Mobile_Lab1/ros2_ws/install/icp_refinement/share/icp_refinement/hook/pythonpath.dsv'
[1.055s] INFO:colcon.colcon_core.shell:Creating environment hook '/home/aom/Documents/GitHub/Mobile_Lab1/ros2_ws/install/icp_refinement/share/icp_refinement/hook/pythonpath.sh'
[1.056s] Level 1:colcon.colcon_core.environment:checking '/home/aom/Documents/GitHub/Mobile_Lab1/ros2_ws/install/icp_refinement/bin'
[1.056s] Level 1:colcon.colcon_core.environment:create_environment_scripts_only(icp_refinement)
[1.056s] INFO:colcon.colcon_core.shell:Creating package script '/home/aom/Documents/GitHub/Mobile_Lab1/ros2_ws/install/icp_refinement/share/icp_refinement/package.ps1'
[1.056s] INFO:colcon.colcon_core.shell:Creating package descriptor '/home/aom/Documents/GitHub/Mobile_Lab1/ros2_ws/install/icp_refinement/share/icp_refinement/package.dsv'
[1.057s] INFO:colcon.colcon_core.shell:Creating package script '/home/aom/Documents/GitHub/Mobile_Lab1/ros2_ws/install/icp_refinement/share/icp_refinement/package.sh'
[1.057s] INFO:colcon.colcon_core.shell:Creating package script '/home/aom/Documents/GitHub/Mobile_Lab1/ros2_ws/install/icp_refinement/share/icp_refinement/package.bash'
[1.058s] INFO:colcon.colcon_core.shell:Creating package script '/home/aom/Documents/GitHub/Mobile_Lab1/ros2_ws/install/icp_refinement/share/icp_refinement/package.zsh'
[1.058s] Level 1:colcon.colcon_core.environment:create_file_with_runtime_dependencies(/home/aom/Documents/GitHub/Mobile_Lab1/ros2_ws/install/icp_refinement/share/colcon-core/packages/icp_refinement)
[1.058s] Level 1:colcon.colcon_core.environment:checking '/home/aom/Documents/GitHub/Mobile_Lab1/ros2_ws/install/ekf_fusion' for CMake module files
[1.059s] Level 1:colcon.colcon_core.environment:checking '/home/aom/Documents/GitHub/Mobile_Lab1/ros2_ws/install/ekf_fusion' for CMake config files
[1.059s] DEBUG:colcon.colcon_core.event_handler.log_command:Invoked command in '/home/aom/Documents/GitHub/Mobile_Lab1/ros2_ws/src/ekf_fusion' returned '0': PYTHONPATH=/home/aom/Documents/GitHub/Mobile_Lab1/ros2_ws/build/ekf_fusion/prefix_override:/usr/lib/python3/dist-packages/colcon_core/task/python/colcon_distutils_commands:/home/aom/Documents/GitHub/Mobile_Lab1/ros2_ws/install/ekf_fusion/lib/python3.10/site-packages:${PYTHONPATH} /usr/bin/python3 -W ignore:setup.py install is deprecated -W ignore:easy_install command is deprecated setup.py egg_info --egg-base ../../build/ekf_fusion build --build-base /home/aom/Documents/GitHub/Mobile_Lab1/ros2_ws/build/ekf_fusion/build install --record /home/aom/Documents/GitHub/Mobile_Lab1/ros2_ws/build/ekf_fusion/install.log --single-version-externally-managed install_data
[1.059s] Level 1:colcon.colcon_core.environment:checking '/home/aom/Documents/GitHub/Mobile_Lab1/ros2_ws/install/ekf_fusion/lib'
[1.059s] Level 1:colcon.colcon_core.environment:checking '/home/aom/Documents/GitHub/Mobile_Lab1/ros2_ws/install/ekf_fusion/bin'
[1.059s] Level 1:colcon.colcon_core.environment:checking '/home/aom/Documents/GitHub/Mobile_Lab1/ros2_ws/install/ekf_fusion/lib/pkgconfig/ekf_fusion.pc'
[1.059s] Level 1:colcon.colcon_core.environment:checking '/home/aom/Documents/GitHub/Mobile_Lab1/ros2_ws/install/ekf_fusion/lib/python3.10/site-packages'
[1.059s] Level 1:colcon.colcon_core.shell:create_environment_hook('ekf_fusion', 'pythonpath')
[1.060s] INFO:colcon.colcon_core.shell:Creating environment hook '/home/aom/Documents/GitHub/Mobile_Lab1/ros2_ws/install/ekf_fusion/share/ekf_fusion/hook/pythonpath.ps1'
[1.060s] INFO:colcon.colcon_core.shell:Creating environment descriptor '/home/aom/Documents/GitHub/Mobile_Lab1/ros2_ws/install/ekf_fusion/share/ekf_fusion/hook/pythonpath.dsv'
[1.060s] INFO:colcon.colcon_core.shell:Creating environment hook '/home/aom/Documents/GitHub/Mobile_Lab1/ros2_ws/install/ekf_fusion/share/ekf_fusion/hook/pythonpath.sh'
[1.060s] Level 1:colcon.colcon_core.environment:checking '/home/aom/Documents/GitHub/Mobile_Lab1/ros2_ws/install/ekf_fusion/bin'
[1.060s] Level 1:colcon.colcon_core.environment:create_environment_scripts_only(ekf_fusion)
[1.061s] INFO:colcon.colcon_core.shell:Creating package script '/home/aom/Documents/GitHub/Mobile_Lab1/ros2_ws/install/ekf_fusion/share/ekf_fusion/package.ps1'
[1.061s] INFO:colcon.colcon_core.shell:Creating package descriptor '/home/aom/Documents/GitHub/Mobile_Lab1/ros2_ws/install/ekf_fusion/share/ekf_fusion/package.dsv'
[1.061s] INFO:colcon.colcon_core.shell:Creating package script '/home/aom/Documents/GitHub/Mobile_Lab1/ros2_ws/install/ekf_fusion/share/ekf_fusion/package.sh'
[1.061s] INFO:colcon.colcon_core.shell:Creating package script '/home/aom/Documents/GitHub/Mobile_Lab1/ros2_ws/install/ekf_fusion/share/ekf_fusion/package.bash'
[1.062s] INFO:colcon.colcon_core.shell:Creating package script '/home/aom/Documents/GitHub/Mobile_Lab1/ros2_ws/install/ekf_fusion/share/ekf_fusion/package.zsh'
[1.062s] Level 1:colcon.colcon_core.environment:create_file_with_runtime_dependencies(/home/aom/Documents/GitHub/Mobile_Lab1/ros2_ws/install/ekf_fusion/share/colcon-core/packages/ekf_fusion)
[1.062s] DEBUG:colcon.colcon_parallel_executor.executor.parallel:closing loop
[1.062s] DEBUG:colcon.colcon_parallel_executor.executor.parallel:loop closed
[1.062s] DEBUG:colcon.colcon_parallel_executor.executor.parallel:run_until_complete finished with '0'
[1.062s] DEBUG:colcon.colcon_core.event_reactor:joining thread
[1.065s] INFO:colcon.colcon_core.plugin_system:Skipping extension 'colcon_notification.desktop_notification.terminal_notifier': Not used on non-Darwin systems
[1.065s] INFO:colcon.colcon_core.plugin_system:Skipping extension 'colcon_notification.desktop_notification.win32': Not used on non-Windows systems
[1.065s] INFO:colcon.colcon_notification.desktop_notification:Sending desktop notification using 'notify2'
[1.073s] DEBUG:colcon.colcon_core.event_reactor:joined thread
[1.073s] INFO:colcon.colcon_core.shell:Creating prefix script '/home/aom/Documents/GitHub/Mobile_Lab1/ros2_ws/install/local_setup.ps1'
[1.074s] INFO:colcon.colcon_core.shell:Creating prefix util module '/home/aom/Documents/GitHub/Mobile_Lab1/ros2_ws/install/_local_setup_util_ps1.py'
[1.075s] INFO:colcon.colcon_core.shell:Creating prefix chain script '/home/aom/Documents/GitHub/Mobile_Lab1/ros2_ws/install/setup.ps1'
[1.075s] INFO:colcon.colcon_core.shell:Creating prefix script '/home/aom/Documents/GitHub/Mobile_Lab1/ros2_ws/install/local_setup.sh'
[1.075s] INFO:colcon.colcon_core.shell:Creating prefix util module '/home/aom/Documents/GitHub/Mobile_Lab1/ros2_ws/install/_local_setup_util_sh.py'
[1.076s] INFO:colcon.colcon_core.shell:Creating prefix chain script '/home/aom/Documents/GitHub/Mobile_Lab1/ros2_ws/install/setup.sh'
[1.076s] INFO:colcon.colcon_core.shell:Creating prefix script '/home/aom/Documents/GitHub/Mobile_Lab1/ros2_ws/install/local_setup.bash'
[1.077s] INFO:colcon.colcon_core.shell:Creating prefix chain script '/home/aom/Documents/GitHub/Mobile_Lab1/ros2_ws/install/setup.bash'
[1.077s] INFO:colcon.colcon_core.shell:Creating prefix script '/home/aom/Documents/GitHub/Mobile_Lab1/ros2_ws/install/local_setup.zsh'
[1.077s] INFO:colcon.colcon_core.shell:Creating prefix chain script '/home/aom/Documents/GitHub/Mobile_Lab1/ros2_ws/install/setup.zsh'
